<?xml version="1.0" encoding="UTF-8"?>
<robot generator="Robot 6.0.2 (Python 3.10.2 on win32)" generated="20230530 12:00:39.511" rpa="false" schemaversion="3">
<suite id="s1" name="Google" source="E:\Phoenix_20High\Robot\Google.robot">
<test id="s1-t1" name="Test Calculator With BDD Syntax" line="14">
<kw name="Given open browser" library="SeleniumLibrary">
<arg>${URL}</arg>
<arg>${chrome}</arg>
<arg>options=add_experimental_option("detach", True)</arg>
<doc>Opens a new browser instance to the optional ``url``.</doc>
<msg timestamp="20230530 12:00:39.816" level="INFO">Opening browser 'chrome' to base url 'https://www.google.com/'.</msg>
<status status="PASS" starttime="20230530 12:00:39.815" endtime="20230530 12:00:44.581"/>
</kw>
<kw name="Then maximize browser window" library="SeleniumLibrary">
<doc>Maximizes current browser window.</doc>
<status status="PASS" starttime="20230530 12:00:44.582" endtime="20230530 12:00:44.711"/>
</kw>
<kw name="And click button" library="SeleniumLibrary">
<arg>${Feeling Lucky}</arg>
<doc>Clicks the button identified by ``locator``.</doc>
<msg timestamp="20230530 12:00:44.714" level="INFO">Clicking button 'xpath:(//*[@value="I'm Feeling Lucky"])[2]'.</msg>
<status status="PASS" starttime="20230530 12:00:44.712" endtime="20230530 12:00:46.776"/>
</kw>
<kw name="And click element" library="SeleniumLibrary">
<arg>xpath://*[@id="about-link"]</arg>
<doc>Click the element identified by ``locator``.</doc>
<msg timestamp="20230530 12:00:46.776" level="INFO">Clicking element 'xpath://*[@id="about-link"]'.</msg>
<status status="PASS" starttime="20230530 12:00:46.776" endtime="20230530 12:00:47.838"/>
</kw>
<kw name="And click element" library="SeleniumLibrary">
<arg>xpath://*[text()='Burning Man festival']</arg>
<doc>Click the element identified by ``locator``.</doc>
<msg timestamp="20230530 12:00:47.841" level="INFO">Clicking element 'xpath://*[text()='Burning Man festival']'.</msg>
<status status="PASS" starttime="20230530 12:00:47.841" endtime="20230530 12:00:49.556"/>
</kw>
<kw name="And">
<msg timestamp="20230530 12:00:49.562" level="FAIL">No keyword with name 'And' found.</msg>
<status status="FAIL" starttime="20230530 12:00:49.562" endtime="20230530 12:00:49.562"/>
</kw>
<status status="FAIL" starttime="20230530 12:00:39.814" endtime="20230530 12:00:49.562">No keyword with name 'And' found.</status>
</test>
<doc>This is my 1st robot script</doc>
<status status="FAIL" starttime="20230530 12:00:39.515" endtime="20230530 12:00:49.562"/>
</suite>
<statistics>
<total>
<stat pass="0" fail="1" skip="0">All Tests</stat>
</total>
<tag>
</tag>
<suite>
<stat pass="0" fail="1" skip="0" id="s1" name="Google">Google</stat>
</suite>
</statistics>
<errors>
<msg timestamp="20230530 12:00:39.812" level="ERROR">Error in file 'E:\Phoenix_20High\Robot\Google.robot' on line 5: Error in file 'E:\Phoenix_20High\Robot\Google.resource' on line 12: Resource file with 'Test Cases' section is invalid.</msg>
</errors>
</robot>
